# JRE version: OpenJDK Runtime Environment Temurin-17.0.11+9 (17.0.11+9) (build 17.0.11+9)
# Java VM: OpenJDK 64-Bit Server VM Temurin-17.0.11+9 (17.0.11+9, mixed mode, sharing, tiered, compressed oops, compressed class ptrs, g1 gc, windows-amd64)
GC Precious Log:
 CPUs: 24 total, 24 available
 Memory: 16236M
 Large Page Support: Disabled
 NUMA Support: Disabled
 Compressed Oops: Enabled (Zero based)
 Heap Region Size: 2M
 Heap Min Capacity: 8M
 Heap Initial Capacity: 254M
 Heap Max Capacity: 4060M
 Pre-touch: Disabled
 Parallel Workers: 18
 Concurrent Workers: 5
 Concurrent Refinement Workers: 18
 Periodic GC: Disabled
Heap:
 garbage-first heap   total 1146880K, used 1073639K [0x0000000702400000, 0x0000000800000000)
  region size 2048K, 9 young (18432K), 4 survivors (8192K)
 Metaspace       used 3878K, committed 4160K, reserved 1114112K
  class space    used 387K, committed 512K, reserved 1048576K
GC Heap History (20 events):
Event: 264.030 GC heap before
{Heap before GC invocations=97 (full 0):
 garbage-first heap   total 1146880K, used 1075204K [0x0000000702400000, 0x0000000800000000)
  region size 2048K, 28 young (57344K), 4 survivors (8192K)
 Metaspace       used 3878K, committed 4160K, reserved 1114112K
  class space    used 387K, committed 512K, reserved 1048576K
}
Event: 268.254 GC heap after
{Heap after GC invocations=98 (full 0):
 garbage-first heap   total 1146880K, used 1029625K [0x0000000702400000, 0x0000000800000000)
  region size 2048K, 4 young (8192K), 4 survivors (8192K)
 Metaspace       used 3878K, committed 4160K, reserved 1114112K
  class space    used 387K, committed 512K, reserved 1048576K
}
Event: 270.776 GC heap before
{Heap before GC invocations=98 (full 0):
 garbage-first heap   total 1146880K, used 1078777K [0x0000000702400000, 0x0000000800000000)
  region size 2048K, 28 young (57344K), 4 survivors (8192K)
 Metaspace       used 3878K, committed 4160K, reserved 1114112K
  class space    used 387K, committed 512K, reserved 1048576K
}
Event: 271.646 GC heap after
{Heap after GC invocations=99 (full 0):
 garbage-first heap   total 1146880K, used 1033846K [0x0000000702400000, 0x0000000800000000)
  region size 2048K, 4 young (8192K), 4 survivors (8192K)
 Metaspace       used 3878K, committed 4160K, reserved 1114112K
  class space    used 387K, committed 512K, reserved 1048576K
}
Event: 280.178 GC heap before
{Heap before GC invocations=99 (full 0):
 garbage-first heap   total 1146880K, used 1082998K [0x0000000702400000, 0x0000000800000000)
  region size 2048K, 28 young (57344K), 4 survivors (8192K)
 Metaspace       used 3878K, committed 4160K, reserved 1114112K
  class space    used 387K, committed 512K, reserved 1048576K
}
Event: 280.440 GC heap after
{Heap after GC invocations=100 (full 0):
 garbage-first heap   total 1146880K, used 1037821K [0x0000000702400000, 0x0000000800000000)
  region size 2048K, 4 young (8192K), 4 survivors (8192K)
 Metaspace       used 3878K, committed 4160K, reserved 1114112K
  class space    used 387K, committed 512K, reserved 1048576K
}
Event: 282.117 GC heap before
{Heap before GC invocations=100 (full 0):
 garbage-first heap   total 1146880K, used 1086973K [0x0000000702400000, 0x0000000800000000)
  region size 2048K, 28 young (57344K), 4 survivors (8192K)
 Metaspace       used 3878K, committed 4160K, reserved 1114112K
  class space    used 387K, committed 512K, reserved 1048576K
}
Event: 282.131 GC heap after
{Heap after GC invocations=101 (full 0):
 garbage-first heap   total 1146880K, used 1041756K [0x0000000702400000, 0x0000000800000000)
  region size 2048K, 4 young (8192K), 4 survivors (8192K)
 Metaspace       used 3878K, committed 4160K, reserved 1114112K
  class space    used 387K, committed 512K, reserved 1048576K
}
Event: 283.211 GC heap before
{Heap before GC invocations=101 (full 0):
 garbage-first heap   total 1146880K, used 1090908K [0x0000000702400000, 0x0000000800000000)
  region size 2048K, 28 young (57344K), 4 survivors (8192K)
 Metaspace       used 3878K, committed 4160K, reserved 1114112K
  class space    used 387K, committed 512K, reserved 1048576K
}
Event: 283.224 GC heap after
{Heap after GC invocations=102 (full 0):
 garbage-first heap   total 1146880K, used 1045651K [0x0000000702400000, 0x0000000800000000)
  region size 2048K, 4 young (8192K), 4 survivors (8192K)
 Metaspace       used 3878K, committed 4160K, reserved 1114112K
  class space    used 387K, committed 512K, reserved 1048576K
}
Event: 284.540 GC heap before
{Heap before GC invocations=102 (full 0):
 garbage-first heap   total 1146880K, used 1094803K [0x0000000702400000, 0x0000000800000000)
  region size 2048K, 28 young (57344K), 4 survivors (8192K)
 Metaspace       used 3878K, committed 4160K, reserved 1114112K
  class space    used 387K, committed 512K, reserved 1048576K
}
Event: 284.554 GC heap after
{Heap after GC invocations=103 (full 0):
 garbage-first heap   total 1146880K, used 1049868K [0x0000000702400000, 0x0000000800000000)
  region size 2048K, 4 young (8192K), 4 survivors (8192K)
 Metaspace       used 3878K, committed 4160K, reserved 1114112K
  class space    used 387K, committed 512K, reserved 1048576K
}
Event: 285.521 GC heap before
{Heap before GC invocations=103 (full 0):
 garbage-first heap   total 1146880K, used 1099020K [0x0000000702400000, 0x0000000800000000)
  region size 2048K, 28 young (57344K), 4 survivors (8192K)
 Metaspace       used 3878K, committed 4160K, reserved 1114112K
  class space    used 387K, committed 512K, reserved 1048576K
}
Event: 285.535 GC heap after
{Heap after GC invocations=104 (full 0):
 garbage-first heap   total 1146880K, used 1053521K [0x0000000702400000, 0x0000000800000000)
  region size 2048K, 4 young (8192K), 4 survivors (8192K)
 Metaspace       used 3878K, committed 4160K, reserved 1114112K
  class space    used 387K, committed 512K, reserved 1048576K
}
Event: 286.505 GC heap before
{Heap before GC invocations=104 (full 0):
 garbage-first heap   total 1146880K, used 1102673K [0x0000000702400000, 0x0000000800000000)
  region size 2048K, 28 young (57344K), 4 survivors (8192K)
 Metaspace       used 3878K, committed 4160K, reserved 1114112K
  class space    used 387K, committed 512K, reserved 1048576K
}
Event: 286.518 GC heap after
{Heap after GC invocations=105 (full 0):
 garbage-first heap   total 1146880K, used 1057658K [0x0000000702400000, 0x0000000800000000)
  region size 2048K, 4 young (8192K), 4 survivors (8192K)
 Metaspace       used 3878K, committed 4160K, reserved 1114112K
  class space    used 387K, committed 512K, reserved 1048576K
}
Event: 287.740 GC heap before
{Heap before GC invocations=105 (full 0):
 garbage-first heap   total 1146880K, used 1106810K [0x0000000702400000, 0x0000000800000000)
  region size 2048K, 28 young (57344K), 4 survivors (8192K)
 Metaspace       used 3878K, committed 4160K, reserved 1114112K
  class space    used 387K, committed 512K, reserved 1048576K
}
Event: 287.753 GC heap after
{Heap after GC invocations=106 (full 0):
 garbage-first heap   total 1146880K, used 1061593K [0x0000000702400000, 0x0000000800000000)
  region size 2048K, 4 young (8192K), 4 survivors (8192K)
 Metaspace       used 3878K, committed 4160K, reserved 1114112K
  class space    used 387K, committed 512K, reserved 1048576K
}
Event: 289.033 GC heap before
{Heap before GC invocations=106 (full 0):
 garbage-first heap   total 1146880K, used 1110745K [0x0000000702400000, 0x0000000800000000)
  region size 2048K, 28 young (57344K), 4 survivors (8192K)
 Metaspace       used 3878K, committed 4160K, reserved 1114112K
  class space    used 387K, committed 512K, reserved 1048576K
}
Event: 289.047 GC heap after
{Heap after GC invocations=107 (full 0):
 garbage-first heap   total 1146880K, used 1065447K [0x0000000702400000, 0x0000000800000000)
  region size 2048K, 4 young (8192K), 4 survivors (8192K)
 Metaspace       used 3878K, committed 4160K, reserved 1114112K
  class space    used 387K, committed 512K, reserved 1048576K
}

